2012-09-30 12:40:55 [INFO] Starting minecraft server version 1.3.2
2012-09-30 12:40:55 [INFO] Loading properties
2012-09-30 12:40:55 [INFO] Default game type: SURVIVAL
2012-09-30 12:40:55 [INFO] Generating keypair
2012-09-30 12:40:55 [INFO] Starting Minecraft server on *:25564
2012-09-30 12:40:55 [INFO] This server is running CraftBukkit version git-Bukkit-1.3.2-R1.0-b2377jnks (MC: 1.3.2) (Implementing API version 1.3.2-R1.0)
2012-09-30 12:40:55 [INFO] [SilkSpawners] Loading SilkSpawners v2.0.1
2012-09-30 12:40:55 [INFO] [Lockette] Loading Lockette v1.7.4
2012-09-30 12:40:55 [INFO] [Vault] Loading Vault v1.2.18-b229
2012-09-30 12:40:55 [INFO] [Multiverse-Core] Loading Multiverse-Core v2.5-b591
2012-09-30 12:40:55 [INFO] [mcMMO] Loading mcMMO v1.3.11-b1030
2012-09-30 12:40:55 [INFO] [Multiverse-Portals] Loading Multiverse-Portals v2.5-b608
2012-09-30 12:40:55 [INFO] [Multiverse-Inventories] Loading Multiverse-Inventories v2.5-b222
2012-09-30 12:40:55 [INFO] [CreeperMess] Loading CreeperMess v1.2
2012-09-30 12:40:55 [INFO] [Multiverse-NetherPortals] Loading Multiverse-NetherPortals v2.5-b584
2012-09-30 12:40:55 [INFO] [PermissionsBukkit] Loading PermissionsBukkit v1.6
2012-09-30 12:40:55 [INFO] [MobRider] Loading MobRider v0.45.2-b43
2012-09-30 12:40:55 [INFO] [Vault] Enabling Vault v1.2.18-b229
2012-09-30 12:40:55 [INFO] [Vault][Permission] PermissionsBukkit hooked.
2012-09-30 12:40:55 [INFO] [Vault][Permission] PermissionsBukkit found: Waiting
2012-09-30 12:40:55 [INFO] [Vault][Permission] SuperPermissions loaded as backup permission system.
2012-09-30 12:40:55 [INFO] [Vault] Enabled Version 1.2.18-b229
2012-09-30 12:40:55 [INFO] [mcMMO] Enabling mcMMO v1.3.11-b1030
2012-09-30 12:40:55 [INFO] [mcMMO] Loading mcMMO config.yml File...
2012-09-30 12:40:56 [INFO] [mcMMO] Loading mcMMO treasures.yml File...
2012-09-30 12:40:56 [INFO] [mcMMO] Loading mcMMO repair.vanilla.yml File...
2012-09-30 12:40:56 [INFO] mcMMO version 1.3.11-b1030 is enabled!
2012-09-30 12:40:56 [INFO] Preparing level "world"
2012-09-30 12:40:56 [INFO] Preparing start region for level 0 (Seed: -3821605025407244639)
2012-09-30 12:40:56 [INFO] Preparing start region for level 1 (Seed: 8744398351327703295)
2012-09-30 12:40:56 [INFO] Preparing start region for level 2 (Seed: 8744398351327703295)
2012-09-30 12:40:57 [INFO] [SilkSpawners] Enabling SilkSpawners v2.0.1
2012-09-30 12:40:57 [INFO] SilkSpawners enabled
2012-09-30 12:40:57 [INFO] [Lockette] Enabling Lockette v1.7.4
2012-09-30 12:40:57 [INFO] [Lockette] Version 1.7.4 is being enabled!  Yay!  (Core version 1.3.5)
2012-09-30 12:40:57 [INFO] [Lockette] Detected craftbukkit build [2377] ok.
2012-09-30 12:40:57 [INFO] [Lockette] Custom lockable block list: [116, 84, 57]
2012-09-30 12:40:57 [INFO] [Lockette] Ignoring linked plugins: [mcMMO]
2012-09-30 12:40:57 [INFO] [Lockette] Loading strings file for English by Acru
2012-09-30 12:40:57 [INFO] [Lockette] Enabled link to plugin mcMMO for Groups, version 1.3.11-b1030
2012-09-30 12:40:57 [INFO] [Lockette] Using ops file for admin permissions.
2012-09-30 12:40:57 [INFO] [Lockette] Ready to protect your containers.
2012-09-30 12:40:57 [INFO] [Multiverse-Core] Enabling Multiverse-Core v2.5-b591
2012-09-30 12:40:57 [INFO] [Multiverse-Core] - Version 2.5-b591 (API v17) Enabled - By Rigby, fernferret, lithium3141 and main--
2012-09-30 12:40:57 [INFO] [AllPay] - Version 10.0 - using only an item based economy for Multiverse-Core v2.5-b591
2012-09-30 12:40:57 [INFO] Preparing start region for level 3 (Seed: -3021652546439280874)
2012-09-30 12:40:58 [INFO] Preparing start region for level 4 (Seed: 453453)
2012-09-30 12:40:58 [INFO] Preparing start region for level 5 (Seed: -4035248619903658227)
2012-09-30 12:40:59 [INFO] [Multiverse-Core] 6 - World(s) loaded.
2012-09-30 12:40:59 [INFO] [Multiverse-Portals] Enabling Multiverse-Portals v2.5-b608
2012-09-30 12:40:59 [INFO] [Multiverse-Portals] - Version 2.5-b608 Enabled - By Rigby and fernferret
2012-09-30 12:40:59 [INFO] [Multiverse-Portals]  7 - Portals(s) loaded
2012-09-30 12:40:59 [INFO] [Multiverse-Inventories] Enabling Multiverse-Inventories v2.5-b222
2012-09-30 12:40:59 [INFO] [Multiverse-Inventories 2.5-b222] enabled.
2012-09-30 12:40:59 [INFO] [CreeperMess] Enabling CreeperMess v1.2
2012-09-30 12:40:59 [INFO] [CreeperMess v1.2] Enabled!
2012-09-30 12:40:59 [INFO] [Multiverse-NetherPortals] Enabling Multiverse-NetherPortals v2.5-b584
2012-09-30 12:40:59 [INFO] [MultiVerse-NetherPortals] - Version 2.5-b584 Enabled - By Rigby and fernferret
2012-09-30 12:40:59 [INFO] [PermissionsBukkit] Enabling PermissionsBukkit v1.6
2012-09-30 12:40:59 [INFO] [PermissionsBukkit] Enabled successfully, 0 players registered
2012-09-30 12:40:59 [INFO] [Lockette] Enabled link to plugin PermissionsBukkit for Groups, version 1.6
2012-09-30 12:40:59 [INFO] [MobRider] Enabling MobRider v0.45.2-b43
2012-09-30 12:40:59 [INFO] [MobRider] 0.45.2-b43 enabled.
2012-09-30 12:40:59 [INFO] Server permissions file permissions.yml is empty, ignoring it
2012-09-30 12:40:59 [INFO] Done (3.395s)! For help, type "help" or "?"
2012-09-30 12:40:59 [INFO] Starting GS4 status listener
2012-09-30 12:40:59 [INFO] Query running on 0.0.0.0:25564
2012-09-30 12:41:00 [INFO] [Metrics] Connection reset
2012-09-30 12:41:00 [INFO] [Metrics] Connection reset
2012-09-30 12:41:57 [INFO] CONSOLE: Stopping the server..[m
2012-09-30 12:41:57 [INFO] Stopping server
2012-09-30 12:41:57 [INFO] [MobRider] Disabling MobRider v0.45.2-b43
2012-09-30 12:41:57 [INFO] [MobRider] 0.45.2-b43 disabled.
2012-09-30 12:41:57 [INFO] [PermissionsBukkit] Disabling PermissionsBukkit v1.6
2012-09-30 12:41:57 [INFO] [Lockette] Disabled link to plugin PermissionsBukkit, version 1.6
2012-09-30 12:41:57 [INFO] [Vault][Permission] PermissionsBukkit un-hooked.
2012-09-30 12:41:57 [INFO] [PermissionsBukkit] Disabled successfully, 0 players unregistered
2012-09-30 12:41:57 [INFO] [Multiverse-NetherPortals] Disabling Multiverse-NetherPortals v2.5-b584
2012-09-30 12:41:57 [INFO] [MultiVerse-NetherPortals] - Disabled
2012-09-30 12:41:57 [INFO] [CreeperMess] Disabling CreeperMess v1.2
2012-09-30 12:41:57 [INFO] [CreeperMess v1.2] Disabled!
2012-09-30 12:41:57 [INFO] [Multiverse-Inventories] Disabling Multiverse-Inventories v2.5-b222
2012-09-30 12:41:57 [INFO] [Multiverse-Inventories 2.5-b222] disabled.
2012-09-30 12:41:57 [INFO] [Multiverse-Portals] Disabling Multiverse-Portals v2.5-b608
2012-09-30 12:41:57 [INFO] [mcMMO] Disabling mcMMO v1.3.11-b1030
2012-09-30 12:41:57 [INFO] [Lockette] Disabled link to plugin mcMMO, version 1.3.11-b1030
2012-09-30 12:41:57 [INFO] Backing up your mcMMO Configuration... 
2012-09-30 12:41:57 [INFO] Backup Completed.
2012-09-30 12:41:57 [INFO] mcMMO was disabled.
2012-09-30 12:41:57 [INFO] [Multiverse-Core] Disabling Multiverse-Core v2.5-b591
2012-09-30 12:41:57 [INFO] [Multiverse-Core] - Disabled
2012-09-30 12:41:57 [INFO] [Vault] Disabling Vault v1.2.18-b229
2012-09-30 12:41:57 [INFO] [Lockette] Disabling Lockette v1.7.4
2012-09-30 12:41:57 [INFO] Lockette is being disabled...  ;.;
2012-09-30 12:41:57 [INFO] [Lockette] Closing all automatic doors.
2012-09-30 12:41:57 [INFO] [SilkSpawners] Disabling SilkSpawners v2.0.1
2012-09-30 12:41:57 [INFO] SilkSpawners disabled
2012-09-30 12:41:57 [INFO] Saving players
2012-09-30 12:41:57 [WARNING] DSCT: Socket closed
2012-09-30 12:41:57 [INFO] Saving worlds
2012-09-30 12:41:57 [INFO] Saving chunks for level 'world'/Overworld
2012-09-30 12:41:57 [INFO] Closing listening thread
2012-09-30 12:41:57 [INFO] Saving chunks for level 'world_nether'/Nether
2012-09-30 12:41:57 [INFO] Saving chunks for level 'world_the_end'/The End
2012-09-30 12:41:57 [INFO] Saving chunks for level 'fluid'/Overworld
2012-09-30 12:41:57 [INFO] Saving chunks for level 'creative'/Overworld
2012-09-30 12:41:58 [INFO] Saving chunks for level 'fluid_nether'/Nether
2012-09-30 12:41:58 [INFO] Stopping server
2012-09-30 12:41:58 [INFO] Saving players
2012-09-30 12:41:58 [INFO] Saving worlds
2012-09-30 12:41:58 [INFO] Saving chunks for level 'world'/Overworld
2012-09-30 12:41:58 [INFO] Saving chunks for level 'world_nether'/Nether
2012-09-30 12:41:58 [INFO] Saving chunks for level 'world_the_end'/The End
2012-09-30 12:42:52 [INFO] Starting minecraft server version 1.3.2
2012-09-30 12:42:52 [INFO] Loading properties
2012-09-30 12:42:52 [INFO] Default game type: SURVIVAL
2012-09-30 12:42:52 [INFO] Generating keypair
2012-09-30 12:42:52 [INFO] Starting Minecraft server on *:25565
2012-09-30 12:42:52 [INFO] This server is running CraftBukkit version git-Bukkit-1.3.2-R1.0-b2377jnks (MC: 1.3.2) (Implementing API version 1.3.2-R1.0)
2012-09-30 12:42:52 [INFO] [SilkSpawners] Loading SilkSpawners v2.0.1
2012-09-30 12:42:52 [INFO] [Lockette] Loading Lockette v1.7.4
2012-09-30 12:42:52 [INFO] [Vault] Loading Vault v1.2.18-b229
2012-09-30 12:42:52 [INFO] [Multiverse-Core] Loading Multiverse-Core v2.5-b591
2012-09-30 12:42:52 [INFO] [mcMMO] Loading mcMMO v1.3.11-b1030
2012-09-30 12:42:52 [INFO] [Multiverse-Portals] Loading Multiverse-Portals v2.5-b608
2012-09-30 12:42:52 [INFO] [Multiverse-Inventories] Loading Multiverse-Inventories v2.5-b222
2012-09-30 12:42:52 [INFO] [CreeperMess] Loading CreeperMess v1.2
2012-09-30 12:42:52 [INFO] [Multiverse-NetherPortals] Loading Multiverse-NetherPortals v2.5-b584
2012-09-30 12:42:52 [INFO] [PermissionsBukkit] Loading PermissionsBukkit v1.6
2012-09-30 12:42:52 [INFO] [MobRider] Loading MobRider v0.45.2-b43
2012-09-30 12:42:52 [INFO] [Vault] Enabling Vault v1.2.18-b229
2012-09-30 12:42:52 [INFO] [Vault][Permission] PermissionsBukkit hooked.
2012-09-30 12:42:52 [INFO] [Vault][Permission] PermissionsBukkit found: Waiting
2012-09-30 12:42:52 [INFO] [Vault][Permission] SuperPermissions loaded as backup permission system.
2012-09-30 12:42:52 [INFO] [Vault] Enabled Version 1.2.18-b229
2012-09-30 12:42:52 [INFO] [mcMMO] Enabling mcMMO v1.3.11-b1030
2012-09-30 12:42:52 [INFO] [mcMMO] Loading mcMMO config.yml File...
2012-09-30 12:42:52 [INFO] [mcMMO] Loading mcMMO treasures.yml File...
2012-09-30 12:42:52 [INFO] [mcMMO] Loading mcMMO repair.vanilla.yml File...
2012-09-30 12:42:53 [INFO] mcMMO version 1.3.11-b1030 is enabled!
2012-09-30 12:42:53 [INFO] Preparing level "world"
2012-09-30 12:42:53 [INFO] Preparing start region for level 0 (Seed: -3821605025407244639)
2012-09-30 12:42:53 [INFO] Preparing start region for level 1 (Seed: 8744398351327703295)
2012-09-30 12:42:53 [INFO] Preparing start region for level 2 (Seed: 8744398351327703295)
2012-09-30 12:42:54 [INFO] [SilkSpawners] Enabling SilkSpawners v2.0.1
2012-09-30 12:42:54 [INFO] SilkSpawners enabled
2012-09-30 12:42:54 [INFO] [Lockette] Enabling Lockette v1.7.4
2012-09-30 12:42:54 [INFO] [Lockette] Version 1.7.4 is being enabled!  Yay!  (Core version 1.3.5)
2012-09-30 12:42:54 [INFO] [Lockette] Detected craftbukkit build [2377] ok.
2012-09-30 12:42:54 [INFO] [Lockette] Custom lockable block list: [116, 84, 57]
2012-09-30 12:42:54 [INFO] [Lockette] Ignoring linked plugins: [mcMMO]
2012-09-30 12:42:54 [INFO] [Lockette] Loading strings file for English by Acru
2012-09-30 12:42:54 [INFO] [Lockette] Enabled link to plugin mcMMO for Groups, version 1.3.11-b1030
2012-09-30 12:42:54 [INFO] [Lockette] Using ops file for admin permissions.
2012-09-30 12:42:54 [INFO] [Lockette] Ready to protect your containers.
2012-09-30 12:42:54 [INFO] [Multiverse-Core] Enabling Multiverse-Core v2.5-b591
2012-09-30 12:42:54 [INFO] [Multiverse-Core] - Version 2.5-b591 (API v17) Enabled - By Rigby, fernferret, lithium3141 and main--
2012-09-30 12:42:54 [INFO] [AllPay] - Version 10.0 - using only an item based economy for Multiverse-Core v2.5-b591
2012-09-30 12:42:54 [INFO] Preparing start region for level 3 (Seed: -3021652546439280874)
2012-09-30 12:42:55 [INFO] Preparing start region for level 4 (Seed: 453453)
2012-09-30 12:42:55 [INFO] Preparing start region for level 5 (Seed: -4035248619903658227)
2012-09-30 12:42:55 [INFO] [Multiverse-Core] 6 - World(s) loaded.
2012-09-30 12:42:56 [INFO] [Multiverse-Portals] Enabling Multiverse-Portals v2.5-b608
2012-09-30 12:42:56 [INFO] [Multiverse-Portals] - Version 2.5-b608 Enabled - By Rigby and fernferret
2012-09-30 12:42:56 [INFO] [Multiverse-Portals]  7 - Portals(s) loaded
2012-09-30 12:42:56 [INFO] [Multiverse-Inventories] Enabling Multiverse-Inventories v2.5-b222
2012-09-30 12:42:56 [INFO] [Multiverse-Inventories 2.5-b222] enabled.
2012-09-30 12:42:56 [INFO] [CreeperMess] Enabling CreeperMess v1.2
2012-09-30 12:42:56 [INFO] [CreeperMess v1.2] Enabled!
2012-09-30 12:42:56 [INFO] [Multiverse-NetherPortals] Enabling Multiverse-NetherPortals v2.5-b584
2012-09-30 12:42:56 [INFO] [MultiVerse-NetherPortals] - Version 2.5-b584 Enabled - By Rigby and fernferret
2012-09-30 12:42:56 [INFO] [PermissionsBukkit] Enabling PermissionsBukkit v1.6
2012-09-30 12:42:56 [INFO] [PermissionsBukkit] Enabled successfully, 0 players registered
2012-09-30 12:42:56 [INFO] [Lockette] Enabled link to plugin PermissionsBukkit for Groups, version 1.6
2012-09-30 12:42:56 [INFO] [MobRider] Enabling MobRider v0.45.2-b43
2012-09-30 12:42:56 [INFO] [MobRider] 0.45.2-b43 enabled.
2012-09-30 12:42:56 [INFO] Server permissions file permissions.yml is empty, ignoring it
2012-09-30 12:42:56 [INFO] Done (3.301s)! For help, type "help" or "?"
2012-09-30 12:42:56 [INFO] [Metrics] Connection reset
2012-09-30 12:42:56 [INFO] [Metrics] Connection reset
2012-09-30 12:43:07 [INFO] [mcMMO] Loading mcMMO spout.yml File...
2012-09-30 12:43:07 [INFO] lluoc[/14.200.158.249:57617] logged in with entity id 1417 at ([fluid] -23.27717050839492, 69.0, 99.82672971674826)
2012-09-30 12:44:11 [INFO] lluoc lost connection: disconnect.quitting
2012-09-30 12:44:11 [INFO] Connection reset
2012-09-30 12:44:14 [INFO] CONSOLE: Stopping the server..[m
2012-09-30 12:44:14 [INFO] Stopping server
2012-09-30 12:44:14 [INFO] [MobRider] Disabling MobRider v0.45.2-b43
2012-09-30 12:44:14 [INFO] [MobRider] 0.45.2-b43 disabled.
2012-09-30 12:44:14 [INFO] [PermissionsBukkit] Disabling PermissionsBukkit v1.6
2012-09-30 12:44:14 [INFO] [Lockette] Disabled link to plugin PermissionsBukkit, version 1.6
2012-09-30 12:44:14 [INFO] [Vault][Permission] PermissionsBukkit un-hooked.
2012-09-30 12:44:14 [INFO] [PermissionsBukkit] Disabled successfully, 0 players unregistered
2012-09-30 12:44:14 [INFO] [Multiverse-NetherPortals] Disabling Multiverse-NetherPortals v2.5-b584
2012-09-30 12:44:14 [INFO] [MultiVerse-NetherPortals] - Disabled
2012-09-30 12:44:14 [INFO] [CreeperMess] Disabling CreeperMess v1.2
2012-09-30 12:44:14 [INFO] [CreeperMess v1.2] Disabled!
2012-09-30 12:44:14 [INFO] [Multiverse-Inventories] Disabling Multiverse-Inventories v2.5-b222
2012-09-30 12:44:14 [INFO] [Multiverse-Inventories 2.5-b222] disabled.
2012-09-30 12:44:14 [INFO] [Multiverse-Portals] Disabling Multiverse-Portals v2.5-b608
2012-09-30 12:44:14 [INFO] [mcMMO] Disabling mcMMO v1.3.11-b1030
2012-09-30 12:44:14 [INFO] [Lockette] Disabled link to plugin mcMMO, version 1.3.11-b1030
2012-09-30 12:44:14 [INFO] Backing up your mcMMO Configuration... 
2012-09-30 12:44:14 [INFO] Backup Completed.
2012-09-30 12:44:14 [INFO] mcMMO was disabled.
2012-09-30 12:44:14 [INFO] [Multiverse-Core] Disabling Multiverse-Core v2.5-b591
2012-09-30 12:44:14 [INFO] [Multiverse-Core] - Disabled
2012-09-30 12:44:14 [INFO] [Vault] Disabling Vault v1.2.18-b229
2012-09-30 12:44:14 [INFO] [Lockette] Disabling Lockette v1.7.4
2012-09-30 12:44:14 [INFO] Lockette is being disabled...  ;.;
2012-09-30 12:44:14 [INFO] [Lockette] Closing all automatic doors.
2012-09-30 12:44:14 [INFO] [SilkSpawners] Disabling SilkSpawners v2.0.1
2012-09-30 12:44:14 [INFO] SilkSpawners disabled
2012-09-30 12:44:14 [INFO] Saving players
2012-09-30 12:44:14 [INFO] Saving worlds
2012-09-30 12:44:14 [WARNING] DSCT: Socket closed
2012-09-30 12:44:14 [INFO] Saving chunks for level 'world'/Overworld
2012-09-30 12:44:14 [INFO] Closing listening thread
2012-09-30 12:44:15 [INFO] Saving chunks for level 'world_nether'/Nether
2012-09-30 12:44:15 [INFO] Saving chunks for level 'world_the_end'/The End
2012-09-30 12:44:15 [INFO] Saving chunks for level 'fluid'/Overworld
2012-09-30 12:44:15 [INFO] Saving chunks for level 'creative'/Overworld
2012-09-30 12:44:16 [INFO] Saving chunks for level 'fluid_nether'/Nether
